<?xml version="1.0" encoding="UTF-8"?>
<testsuite name="com.research.randy.RandyApplicationTests" tests="1" skipped="0" failures="0" errors="0" timestamp="2024-09-03T02:13:33" hostname="RANDY" time="0.601">
  <properties/>
  <testcase name="contextLoads()" classname="com.research.randy.RandyApplicationTests" time="0.601"/>
  <system-out><![CDATA[09:13:26.270 [Test worker] INFO org.springframework.test.context.support.AnnotationConfigContextLoaderUtils -- Could not detect default configuration classes for test class [com.research.randy.RandyApplicationTests]: RandyApplicationTests does not declare any static, non-private, non-final, nested classes annotated with @Configuration.
09:13:26.395 [Test worker] INFO org.springframework.boot.test.context.SpringBootTestContextBootstrapper -- Found @SpringBootConfiguration com.research.randy.RandyApplication for test class com.research.randy.RandyApplicationTests

  .   ____          _            __ _ _
 /\\ / ___'_ __ _ _(_)_ __  __ _ \ \ \ \
( ( )\___ | '_ | '_| | '_ \/ _` | \ \ \ \
 \\/  ___)| |_)| | | | | || (_| |  ) ) ) )
  '  |____| .__|_| |_|_| |_\__, | / / / /
 =========|_|==============|___/=/_/_/_/
 :: Spring Boot ::                (v3.1.0)

2024-09-03T09:13:26.882+07:00  INFO 8740 --- [    Test worker] c.research.randy.RandyApplicationTests   : Starting RandyApplicationTests using Java 17.0.6 with PID 8740 (started by Randy Farhan in C:\Users\Randy Farhan\Documents\Development\BELAJAR\SpringResearch\springResearch\randy)
2024-09-03T09:13:26.883+07:00  INFO 8740 --- [    Test worker] c.research.randy.RandyApplicationTests   : No active profile set, falling back to 1 default profile: "default"
2024-09-03T09:13:27.775+07:00  INFO 8740 --- [    Test worker] .s.d.r.c.RepositoryConfigurationDelegate : Multiple Spring Data modules found, entering strict repository configuration mode
2024-09-03T09:13:27.778+07:00  INFO 8740 --- [    Test worker] .s.d.r.c.RepositoryConfigurationDelegate : Bootstrapping Spring Data JPA repositories in DEFAULT mode.
2024-09-03T09:13:27.980+07:00  INFO 8740 --- [    Test worker] .s.d.r.c.RepositoryConfigurationDelegate : Finished Spring Data repository scanning in 191 ms. Found 2 JPA repository interfaces.
2024-09-03T09:13:28.001+07:00  INFO 8740 --- [    Test worker] .s.d.r.c.RepositoryConfigurationDelegate : Multiple Spring Data modules found, entering strict repository configuration mode
2024-09-03T09:13:28.003+07:00  INFO 8740 --- [    Test worker] .s.d.r.c.RepositoryConfigurationDelegate : Bootstrapping Spring Data Redis repositories in DEFAULT mode.
2024-09-03T09:13:28.024+07:00  INFO 8740 --- [    Test worker] .RepositoryConfigurationExtensionSupport : Spring Data Redis - Could not safely identify store assignment for repository candidate interface com.research.randy.repository.configMainRepository; If you want this repository to be a Redis repository, consider annotating your entities with one of these annotations: org.springframework.data.redis.core.RedisHash (preferred), or consider extending one of the following types with your repository: org.springframework.data.keyvalue.repository.KeyValueRepository
2024-09-03T09:13:28.025+07:00  INFO 8740 --- [    Test worker] .RepositoryConfigurationExtensionSupport : Spring Data Redis - Could not safely identify store assignment for repository candidate interface com.research.randy.repository.LoggingDBRepository; If you want this repository to be a Redis repository, consider annotating your entities with one of these annotations: org.springframework.data.redis.core.RedisHash (preferred), or consider extending one of the following types with your repository: org.springframework.data.keyvalue.repository.KeyValueRepository
2024-09-03T09:13:28.025+07:00  INFO 8740 --- [    Test worker] .s.d.r.c.RepositoryConfigurationDelegate : Finished Spring Data repository scanning in 10 ms. Found 0 Redis repository interfaces.
2024-09-03T09:13:28.440+07:00  INFO 8740 --- [    Test worker] trationDelegate$BeanPostProcessorChecker : Bean 'org.springframework.ws.config.annotation.DelegatingWsConfiguration' of type [org.springframework.ws.config.annotation.DelegatingWsConfiguration$$SpringCGLIB$$0] is not eligible for getting processed by all BeanPostProcessors (for example: not eligible for auto-proxying)
2024-09-03T09:13:28.488+07:00  INFO 8740 --- [    Test worker] .w.s.a.s.AnnotationActionEndpointMapping : Supporting [WS-Addressing August 2004, WS-Addressing 1.0]
2024-09-03T09:13:28.876+07:00  INFO 8740 --- [    Test worker] com.zaxxer.hikari.HikariDataSource       : HikariPool-1 - Starting...
2024-09-03T09:13:29.196+07:00  INFO 8740 --- [    Test worker] com.zaxxer.hikari.pool.HikariPool        : HikariPool-1 - Added connection oracle.jdbc.driver.T4CConnection@5773d271
2024-09-03T09:13:29.199+07:00  INFO 8740 --- [    Test worker] com.zaxxer.hikari.HikariDataSource       : HikariPool-1 - Start completed.
2024-09-03T09:13:29.256+07:00  INFO 8740 --- [    Test worker] o.hibernate.jpa.internal.util.LogHelper  : HHH000204: Processing PersistenceUnitInfo [name: default]
2024-09-03T09:13:29.373+07:00  INFO 8740 --- [    Test worker] org.hibernate.Version                    : HHH000412: Hibernate ORM core version 6.2.2.Final
2024-09-03T09:13:29.377+07:00  INFO 8740 --- [    Test worker] org.hibernate.cfg.Environment            : HHH000406: Using bytecode reflection optimizer
2024-09-03T09:13:29.632+07:00  INFO 8740 --- [    Test worker] o.h.b.i.BytecodeProviderInitiator        : HHH000021: Bytecode provider name : bytebuddy
2024-09-03T09:13:29.830+07:00  INFO 8740 --- [    Test worker] o.s.o.j.p.SpringPersistenceUnitInfo      : No LoadTimeWeaver setup: ignoring JPA class transformer
2024-09-03T09:13:29.963+07:00  INFO 8740 --- [    Test worker] org.hibernate.orm.dialect                : HHH035001: Using dialect: org.hibernate.dialect.OracleDialect, version: 21.0
2024-09-03T09:13:30.241+07:00  INFO 8740 --- [    Test worker] o.h.b.i.BytecodeProviderInitiator        : HHH000021: Bytecode provider name : bytebuddy
2024-09-03T09:13:30.962+07:00  INFO 8740 --- [    Test worker] o.h.e.t.j.p.i.JtaPlatformInitiator       : HHH000490: Using JtaPlatform implementation: [org.hibernate.engine.transaction.jta.platform.internal.NoJtaPlatform]
2024-09-03T09:13:30.966+07:00  INFO 8740 --- [    Test worker] j.LocalContainerEntityManagerFactoryBean : Initialized JPA EntityManagerFactory for persistence unit 'default'
2024-09-03T09:13:31.854+07:00  WARN 8740 --- [    Test worker] JpaBaseConfiguration$JpaWebConfiguration : spring.jpa.open-in-view is enabled by default. Therefore, database queries may be performed during view rendering. Explicitly configure spring.jpa.open-in-view to disable this warning
2024-09-03T09:13:31.922+07:00  WARN 8740 --- [    Test worker] o.s.security.core.userdetails.User       : User.withDefaultPasswordEncoder() is considered unsafe for production and is only intended for sample applications.
2024-09-03T09:13:32.182+07:00  INFO 8740 --- [    Test worker] o.s.s.web.DefaultSecurityFilterChain     : Will secure any request with [org.springframework.security.web.session.DisableEncodeUrlFilter@b2db8bc, org.springframework.security.web.context.request.async.WebAsyncManagerIntegrationFilter@1c0ec502, org.springframework.security.web.context.SecurityContextHolderFilter@5562f297, org.springframework.security.web.header.HeaderWriterFilter@41fe0d98, org.springframework.security.web.authentication.logout.LogoutFilter@4b98c80c, org.springframework.security.web.authentication.www.BasicAuthenticationFilter@31b4c003, org.springframework.security.web.savedrequest.RequestCacheAwareFilter@2f143ea, org.springframework.security.web.servletapi.SecurityContextHolderAwareRequestFilter@786de0a3, org.springframework.security.web.authentication.AnonymousAuthenticationFilter@6287e312, org.springframework.security.web.access.ExceptionTranslationFilter@21d478f3, org.springframework.security.web.access.intercept.AuthorizationFilter@515b7335]
2024-09-03T09:13:33.298+07:00  INFO 8740 --- [    Test worker] c.research.randy.RandyApplicationTests   : Started RandyApplicationTests in 6.717 seconds (process running for 8.307)
]]></system-out>
  <system-err><![CDATA[]]></system-err>
</testsuite>
